TrimmomaticPE: Started with arguments:
 -threads 8 -phred33 SRR11672503_1.fastq.gz SRR11672503_2.fastq.gz SRR11672503_1_paired.fastq SRR11672503_1_unpaired.fastq SRR11672503_2_paired.fastq SRR11672503_2_unpaired.fastq ILLUMINACLIP:/opt/miniforge3/envs/assembly/share/trimmomatic-0.40-0/adapters/TruSeq3-PE.fa:2:30:10 LEADING:3 TRAILING:3 SLIDINGWINDOW:4:15 MINLEN:36
ILLUMINACLIP: Using adapter file from user-specified absolute path: /opt/miniforge3/envs/assembly/share/trimmomatic-0.40-0/adapters/TruSeq3-PE.fa
Using PrefixPair: 'TACACTCTTTCCCTACACGACGCTCTTCCGATCT' and 'GTGACTGGAGTTCAGACGTGTGCTCTTCCGATCT'
ILLUMINACLIP: Using 1 prefix pairs, 0 forward/reverse sequences, 0 forward only sequences, 0 reverse only sequences
Exception in thread "main" java.lang.Exception: Trim Stats Collector Exception
	at org.usadellab.trimmomatic.threading.trimstats.SelfThreadedTrimStatsCollector.run(SelfThreadedTrimStatsCollector.java:62)
	at java.base/java.lang.Thread.run(Thread.java:1583)
Caused by: java.util.concurrent.ExecutionException: java.lang.OutOfMemoryError: Java heap space
	at java.base/java.util.concurrent.FutureTask.report(FutureTask.java:122)
	at java.base/java.util.concurrent.FutureTask.get(FutureTask.java:191)
	at org.usadellab.trimmomatic.threading.trimstats.SelfThreadedTrimStatsCollector.run(SelfThreadedTrimStatsCollector.java:57)
	... 1 more
Caused by: java.lang.OutOfMemoryError: Java heap space
	at java.base/java.util.Arrays.copyOf(Arrays.java:3541)
	at java.base/java.io.ByteArrayOutputStream.ensureCapacity(ByteArrayOutputStream.java:100)
	at java.base/java.io.ByteArrayOutputStream.write(ByteArrayOutputStream.java:132)
	at java.base/sun.nio.cs.StreamEncoder.writeBytes(StreamEncoder.java:309)
	at java.base/sun.nio.cs.StreamEncoder.implWrite(StreamEncoder.java:381)
	at java.base/sun.nio.cs.StreamEncoder.implWrite(StreamEncoder.java:357)
	at java.base/sun.nio.cs.StreamEncoder.lockedWrite(StreamEncoder.java:158)
	at java.base/sun.nio.cs.StreamEncoder.write(StreamEncoder.java:139)
	at java.base/java.io.OutputStreamWriter.write(OutputStreamWriter.java:219)
	at java.base/java.io.BufferedWriter.implFlushBuffer(BufferedWriter.java:178)
	at java.base/java.io.BufferedWriter.flushBuffer(BufferedWriter.java:163)
	at java.base/java.io.BufferedWriter.implWrite(BufferedWriter.java:334)
	at java.base/java.io.BufferedWriter.write(BufferedWriter.java:313)
	at java.base/java.io.Writer.write(Writer.java:278)
	at org.usadellab.trimmomatic.fastq.FastqSerializer.writeRecord(FastqSerializer.java:51)
	at org.usadellab.trimmomatic.util.compression.UncompressedBlockData.<init>(UncompressedBlockData.java:23)
	at org.usadellab.trimmomatic.threading.BlockOfWork.processPE(BlockOfWork.java:139)
	at org.usadellab.trimmomatic.threading.BlockOfWork.process(BlockOfWork.java:209)
	at org.usadellab.trimmomatic.threading.BlockOfWork.call(BlockOfWork.java:219)
	at org.usadellab.trimmomatic.threading.BlockOfWork.call(BlockOfWork.java:16)
	at java.base/java.util.concurrent.FutureTask.run(FutureTask.java:317)
	at java.base/java.util.concurrent.ThreadPoolExecutor.runWorker(ThreadPoolExecutor.java:1144)
	at java.base/java.util.concurrent.ThreadPoolExecutor$Worker.run(ThreadPoolExecutor.java:642)
	at java.base/java.lang.Thread.runWith(Thread.java:1596)
	... 1 more
